<?xml version="1.0" encoding="UTF-8"?>
<testsuite name="Encrypt" tests="2" skipped="0" failures="0" errors="0" timestamp="2022-07-14T04:25:39" hostname="Moobook-HQ.local" time="0.029">
  <properties/>
  <testcase name="encryptAndDecrypt()" classname="Encrypt" time="0.029"/>
  <testcase name="keyLength()" classname="Encrypt" time="0.0"/>
  <system-out><![CDATA[]]></system-out>
  <system-err><![CDATA[]]></system-err>
</testsuite>
